[17:10:11.214] Global cache location '/Users/karlhex/Library/Caches/typescript/4.1', safe file path '/usr/local/lib/node_modules/typescript/lib/typingsafelist.json', types map path /usr/local/lib/node_modules/typescript/lib/typesmap.json
[17:10:11.216] Processing cache location '/Users/karlhex/Library/Caches/typescript/4.1'
[17:10:11.216] Trying to find '/Users/karlhex/Library/Caches/typescript/4.1/package.json'...
[17:10:11.224] Loaded content of '/Users/karlhex/Library/Caches/typescript/4.1/package.json': {"private":true,"dependencies":{"types-registry":"^0.1.563"},"devDependencies":{"@types/accepts":"^1.3.5","@types/acorn":"^4.0.5","@types/align-text":"^1.0.1","@types/ansi-styles":"^3.2.1","@types/ansicolors":"0.0.33","@types/anymatch":"^1.3.1","@types/apollo-upload-client":"^14.1.0","@types/argparse":"^2.0.5","@types/arr-diff":"^4.0.0","@types/arr-union":"^3.1.0","@types/array-find-index":"^1.0.0","@types/array-unique":"^0.3.0","@types/asap":"^2.0.0","@types/assert":"^1.5.4","@types/async":"^3.2.8","@types/async-retry":"^1.4.3","@types/atob":"^2.1.2","@types/babel-code-frame":"^6.20.4","@types/babel-core":"^6.25.6","@types/babel-generator":"^6.25.3","@types/babel-plugin-syntax-jsx":"^6.18.0","@types/babel-template":"^6.25.2","@types/babel-traverse":"^6.25.5","@types/babel-types":"^7.0.9","@types/babel__preset-env":"^7.9.2","@types/babylon":"^6.16.5","@types/backo2":"^1.0.1","@types/balanced-match":"^1.0.1","@types/big.js":"^6.0.2","@types/bindings":"^1.5.0","@types/bluebird":"^3.5.33","@types/bn.js":"^5.1.0","@types/body-parser":"^1.19.0","@types/bonjour":"^3.5.8","@types/boolbase":"^1.0.0","@types/bootstrap":"^5.1.6","@types/brace-expansion":"^1.1.0","@types/braces":"^3.0.0","@types/brorand":"^1.0.30","@types/browser-sync":"^2.26.1","@types/browser-sync-webpack-plugin":"^2.2.1","@types/buffer-from":"^1.1.0","@types/buffer-xor":"^2.0.0","@types/byline":"^4.2.33","@types/bytes":"^3.1.0","@types/cacache":"^15.0.0","@types/cacheable-request":"^6.0.2","@types/call-bind":"^1.0.0","@types/caniuse-api":"^3.0.1","@types/caniuse-lite":"^1.0.0","@types/center-align":"^1.0.0","@types/chart.js":"^2.9.31","@types/check-types":"^7.3.1","@types/chownr":"^1.0.0","@types/cipher-base":"^1.0.0","@types/clean-css":"^4.2.3","@types/cli-progress":"^3.9.2","@types/cli-spinners":"^1.3.0","@types/clone":"^2.1.0","@types/co":"^4.6.2","@types/codemirror":"^5.60.5","@types/color":"^3.0.1","@types/color-convert":"^2.0.0","@types/color-name":"^1.1.1","@types/color-string":"^1.5.0","@types/common-tags":"^1.8.1","@types/commondir":"^1.0.0","@types/component-emitter":"^1.2.10","@types/compressible":"^2.0.0","@types/compression":"^1.7.0","@types/compression-webpack-plugin":"^6.0.4","@types/concat-map":"^0.0.0","@types/concat-stream":"^1.6.0","@types/connect":"^3.4.35","@types/connect-history-api-fallback":"^1.3.3","@types/consolidate":"^0.14.0","@types/content-disposition":"^0.5.3","@types/content-type":"^1.1.3","@types/convert-source-map":"^1.5.1","@types/cookie":"^0.4.0","@types/cookie-signature":"^1.0.3","@types/copy-webpack-plugin":"^6.4.0","@types/core-js":"^2.5.5","@types/cors":"^2.8.12","@types/create-hash":"^1.2.2","@types/create-hmac":"^1.1.0","@types/cross-spawn":"^6.0.2","@types/css-declaration-sorter":"^5.1.0","@types/css-selector-tokenizer":"^0.7.0","@types/css-tree":"^1.0.5","@types/cssesc":"^3.0.0","@types/cssnano":"^4.0.0","@types/csso":"^3.5.1","@types/cuint":"^0.2.1","@types/d":"^1.0.0","@types/d3":"^6.3.0","@types/debug":"^4.1.5","@types/decode-uri-component":"^0.2.0","@types/deep-equal":"^1.0.1","@types/deep-extend":"^0.4.31","@types/define-properties":"^1.1.3","@types/defined":"^1.0.0","@types/depd":"^1.1.32","@types/destroy":"^1.0.0","@types/detect-node":"^2.0.0","@types/detective":"^5.1.1","@types/diff":"^5.0.1","@types/diffie-hellman":"^5.0.0","@types/dir-glob":"^2.0.0","@types/domhandler":"^2.4.1","@types/domutils":"^1.7.3","@types/dropzone":"^5.7.4","@types/duplexer3":"^0.1.1","@types/duplexify":"^3.6.0","@types/echarts":"^4.9.10","@types/ee-first":"^1.1.0","@types/ejs":"^3.0.5","@types/elliptic":"^6.4.12","@types/encodeurl":"^1.0.0","@types/end-of-stream":"^1.4.0","@types/enhanced-resolve":"^3.0.6","@types/env-ci":"^3.1.1","@types/es-abstract":"^1.17.2","@types/es-to-primitive":"^1.2.4","@types/es6-weak-map":"^1.2.0","@types/escape-html":"^1.0.0","@types/eslint":"^7.28.1","@types/esprima":"^4.0.2","@types/estraverse":"^5.1.0","@types/etag":"^1.8.0","@types/event-emitter":"^0.3.3","@types/events":"^3.0.0","@types/eventsource":"^1.1.5","@types/express":"^4.17.11","@types/extract-files":"^8.1.1","@types/extract-text-webpack-plugin":"^3.0.4","@types/file-loader":"^4.2.0","@types/file-saver":"^2.0.3","@types/finalhandler":"^1.1.0","@types/find-cache-dir":"^3.2.0","@types/flush-write-stream":"^1.0.0","@types/follow-redirects":"^1.13.0","@types/forwarded":"^0.1.0","@types/fresh":"^0.5.0","@types/friendly-errors-webpack-plugin":"^0.1.2","@types/from2":"^2.3.0","@types/fs-capacitor":"^2.0.0","@types/fs-extra":"^9.0.8","@types/fullcalendar__vue":"^4.4.2","@types/function-bind":"^1.1.6","@types/gaze":"^1.1.1","@types/get-caller-file":"^1.0.0","@types/get-intrinsic":"^1.0.0","@types/get-value":"^3.0.1","@types/git-parse":"^1.0.1","@types/git-rev-sync":"^2.0.0","@types/glob":"^7.1.3","@types/glob-parent":"^5.1.0","@types/global-agent":"^2.1.1","@types/globalthis":"^1.0.1","@types/globule":"^1.1.4","@types/google-maps":"^3.2.2","@types/graceful-fs":"^4.1.5","@types/has":"^1.0.0","@types/has-ansi":"^3.0.0","@types/has-symbols":"^1.0.0","@types/hash-sum":"^1.0.0","@types/he":"^1.1.1","@types/hex-color-regex":"^1.1.0","@types/hoist-non-react-statics":"^3.3.1","@types/hosted-git-info":"^3.0.1","@types/html-minifier":"^4.0.0","@types/html-webpack-plugin":"^3.2.6","@types/htmlparser2":"^3.10.2","@types/http-cache-semantics":"^4.0.1","@types/http-errors":"^1.8.0","@types/http-proxy":"^1.17.5","@types/http-proxy-middleware":"^0.19.3","@types/i18n":"^0.13.1","@types/icss-utils":"^4.1.0","@types/iferr":"^1.0.2","@types/imurmurhash":"^0.1.1","@types/inflected":"^1.1.29","@types/inherits":"^0.0.30","@types/interpret":"^1.1.1","@types/invariant":"^2.2.34","@types/ip":"^1.1.0","@types/is-arguments":"^1.0.0","@types/is-buffer":"^2.0.0","@types/is-callable":"^1.1.0","@types/is-core-module":"^2.2.0","@types/is-date-object":"^1.0.1","@types/is-finite":"^1.0.0","@types/is-glob":"^4.0.1","@types/is-number":"^7.0.1","@types/is-regex":"^1.0.0","@types/is-ssh":"^1.3.0","@types/is-utf8":"^0.2.0","@types/is-windows":"^1.0.0","@types/isarray":"^2.0.0","@types/isexe":"^2.0.0","@types/jquery":"^3.5.6","@types/js-base64":"^3.0.0","@types/js-cookie":"^3.0.0","@types/js-yaml":"^4.0.0","@types/jsesc":"^2.5.1","@types/json-buffer":"^3.0.0","@types/json-parse-better-errors":"^1.0.0","@types/json3":"^3.3.2","@types/keyv":"^3.1.2","@types/kind-of":"^6.0.0","@types/listr":"^0.14.4","@types/loader-runner":"^2.2.3","@types/loader-utils":"^2.0.1","@types/lodash":"^4.14.175","@types/lodash.camelcase":"^4.3.6","@types/lodash.clonedeep":"^4.5.6","@types/lodash.flatten":"^4.4.6","@types/lodash.get":"^4.4.6","@types/lodash.identity":"^3.0.6","@types/lodash.memoize":"^4.1.6","@types/lodash.merge":"^4.6.6","@types/lodash.pickby":"^4.6.6","@types/lodash.template":"^4.5.0","@types/lodash.truncate":"^4.4.6","@types/lodash.uniq":"^4.5.6","@types/lodash.xorby":"^4.7.6","@types/long":"^4.0.1","@types/lru-cache":"^5.1.0","@types/math-expression-evaluator":"^1.2.0","@types/md5":"^2.3.0","@types/media-typer":"^1.1.0","@types/memory-fs":"^0.3.2","@types/meow":"^5.0.0","@types/merge-descriptors":"^1.0.1","@types/methods":"^1.1.1","@types/micromatch":"^4.0.1","@types/mime":"^2.0.3","@types/mime-db":"^1.43.0","@types/mime-types":"^2.1.0","@types/minimalistic-assert":"^1.0.1","@types/minimatch":"^3.0.3","@types/minimist":"^1.2.1","@types/mkdirp":"^1.0.1","@types/mockjs":"^1.0.4","@types/move-concurrently":"^1.0.2","@types/ms":"^0.7.31","@types/negotiator":"^0.6.1","@types/next-tick":"^1.0.0","@types/node-fetch":"^2.5.12","@types/node-forge":"^0.9.7","@types/node-notifier":"^8.0.0","@types/node-sass":"^4.11.1","@types/normalize-package-data":"^2.4.0","@types/normalize-path":"^3.0.0","@types/nouislider":"^9.0.10","@types/nprogress":"^0.2.0","@types/num2fraction":"^1.2.0","@types/number-is-nan":"^2.0.0","@types/object-assign":"^4.0.30","@types/object-hash":"^2.2.1","@types/object-inspect":"^1.8.0","@types/object-keys":"^1.0.1","@types/object-path":"^0.11.1","@types/object.getownpropertydescriptors":"^2.1.1","@types/object.pick":"^1.3.0","@types/on-finished":"^2.3.1","@types/on-headers":"^1.0.0","@types/once":"^1.4.0","@types/opener":"^1.4.0","@types/optimize-css-assets-webpack-plugin":"^5.0.2","@types/original":"^1.0.0","@types/os-homedir":"^1.0.0","@types/os-tmpdir":"^1.0.0","@types/pako":"^1.0.1","@types/parallel-transform":"^1.1.0","@types/parse-json":"^4.0.0","@types/parse-path":"^4.0.1","@types/parseurl":"^1.3.1","@types/pascalcase":"^1.0.0","@types/path-is-absolute":"^1.0.0","@types/path-is-inside":"^1.0.0","@types/path-parse":"^1.0.19","@types/pbkdf2":"^3.1.0","@types/picomatch":"^2.2.1","@types/pify":"^5.0.0","@types/pikaday":"^1.7.4","@types/postcss-calc":"^7.0.0","@types/postcss-import":"^12.0.1","@types/postcss-load-config":"^2.0.1","@types/postcss-modules-extract-imports":"^2.0.0","@types/postcss-modules-local-by-default":"^1.2.0","@types/postcss-modules-scope":"^1.1.0","@types/postcss-modules-values":"^3.0.0","@types/postcss-url":"^8.0.1","@types/prettier":"^2.2.1","@types/promise-inflight":"^1.0.0","@types/prop-types":"^15.7.4","@types/protocols":"^1.4.0","@types/proxy-addr":"^2.0.0","@types/pump":"^1.1.0","@types/pumpify":"^1.4.1","@types/punycode":"^2.1.0","@types/q":"^1.5.4","@types/qs":"^6.9.5","@types/querystringify":"^2.0.0","@types/quill":"^2.0.5","@types/randombytes":"^2.0.0","@types/range-parser":"^1.2.3","@types/raphael":"^2.3.2","@types/rc":"^1.1.0","@types/readable-stream":"^2.3.9","@types/rechoir":"^0.6.1","@types/regenerator-runtime":"^0.13.0","@types/registry-auth-token":"^4.2.1","@types/relateurl":"^0.2.28","@types/relay-compiler":"^8.0.1","@types/repeat-element":"^1.1.0","@types/repeat-string":"^1.6.0","@types/repeating":"^3.0.0","@types/request":"^2.48.7","@types/require-directory":"^2.1.1","@types/require-from-string":"^1.2.1","@types/requires-port":"^1.0.0","@types/resolve":"^1.19.0","@types/responselike":"^1.0.0","@types/right-align":"^0.1.0","@types/rimraf":"^3.0.0","@types/ripemd160":"^2.0.0","@types/roarr":"^2.14.3","@types/run-parallel":"^1.1.0","@types/safe-regex":"^1.1.2","@types/safer-buffer":"^2.1.0","@types/sass":"^1.16.1","@types/sass-loader":"^8.0.2","@types/sax":"^1.2.1","@types/script-ext-html-webpack-plugin":"^2.1.3","@types/semver":"^7.3.4","@types/send":"^0.14.6","@types/serialize-javascript":"^5.0.0","@types/serve-index":"^1.7.30","@types/serve-static":"^1.13.10","@types/set-value":"^2.0.0","@types/setimmediate":"^1.0.2","@types/sha.js":"^2.4.0","@types/shebang-command":"^1.2.0","@types/shelljs":"^0.8.8","@types/signal-exit":"^3.0.0","@types/sockjs":"^0.3.32","@types/sockjs-client":"^1.5.0","@types/sortablejs":"^1.10.7","@types/source-list-map":"^0.1.2","@types/source-map-support":"^0.5.3","@types/spdx-correct":"^2.0.0","@types/spdx-expression-parse":"^3.0.0","@types/spdy":"^3.4.4","@types/sprintf":"^0.1.0","@types/sprintf-js":"^1.1.2","@types/ssri":"^7.1.0","@types/statuses":"^2.0.0","@types/stream-each":"^1.2.0","@types/stream-shift":"^1.0.0","@types/strict-uri-encode":"^2.0.0","@types/supports-color":"^7.2.0","@types/svg-sprite-loader":"^3.9.4","@types/svgo":"^2.6.0","@types/tail":"^2.0.0","@types/tailwindcss":"^2.2.1","@types/tapable":"^1.0.6","@types/throttle-debounce":"^2.1.0","@types/through2":"^2.0.36","@types/timsort":"^0.3.0","@types/toposort":"^2.0.3","@types/tryer":"^1.0.2","@types/type-is":"^1.6.3","@types/ua-parser-js":"^0.7.36","@types/uglify-es":"^3.0.0","@types/uglify-js":"^3.12.0","@types/uglifyjs-webpack-plugin":"^1.1.0","@types/uniq":"^0.0.27","@types/urix":"^0.1.0","@types/url-parse":"^1.4.3","@types/util-deprecate":"^1.0.0","@types/util.promisify":"^1.0.4","@types/utils-merge":"^0.0.28","@types/uuid":"^8.3.0","@types/validate-npm-package-license":"^3.0.0","@types/vary":"^1.1.0","@types/vue-splitpane":"^1.0.1","@types/watchpack":"^1.1.6","@types/webpack":"^4.41.26","@types/webpack-bundle-analyzer":"^3.9.1","@types/webpack-dev-middleware":"^4.1.0","@types/webpack-dev-server":"^3.11.2","@types/webpack-merge":"^4.1.5","@types/webpack-sources":"^2.1.0","@types/which":"^2.0.0","@types/window-size":"^0.2.5","@types/wordwrap":"^1.0.0","@types/wrap-ansi":"^3.0.0","@types/ws":"^7.4.0","@types/xtend":"^4.0.3","@types/xxhashjs":"^0.2.2","@types/y18n":"^4.0.0","@types/yallist":"^3.0.1","@types/yargs":"^16.0.0","@types/yargs-parser":"^20.2.0"}}
[17:10:11.225] Loaded content of '/Users/karlhex/Library/Caches/typescript/4.1/package-lock.json'
[17:10:11.256] Adding entry into typings cache: 'accepts' => '/Users/karlhex/Library/Caches/typescript/4.1/node_modules/@types/accepts/index.d.ts'
[17:10:11.265] Adding entry into typings cache: 'acorn' => '/Users/karlhex/Library/Caches/typescript/4.1/node_modules/@types/acorn/index.d.ts'
[17:10:11.271] Adding entry into typings cache: 'align-text' => '/Users/karlhex/Library/Caches/typescript/4.1/node_modules/@types/align-text/index.d.ts'
[17:10:11.283] Adding entry into typings cache: 'ansi-styles' => '/Users/karlhex/Library/Caches/typescript/4.1/node_modules/@types/ansi-styles/index.d.ts'
[17:10:11.299] Adding entry into typings cache: 'ansicolors' => '/Users/karlhex/Library/Caches/typescript/4.1/node_modules/@types/ansicolors/index.d.ts'
[17:10:11.310] Adding entry into typings cache: 'anymatch' => '/Users/karlhex/Library/Caches/typescript/4.1/node_modules/@types/anymatch/index.d.ts'
[17:10:11.318] Adding entry into typings cache: 'apollo-upload-client' => '/Users/karlhex/Library/Caches/typescript/4.1/node_modules/@types/apollo-upload-client/index.d.ts'
[17:10:11.323] Adding entry into typings cache: 'argparse' => '/Users/karlhex/Library/Caches/typescript/4.1/node_modules/@types/argparse/index.d.ts'
[17:10:11.333] Adding entry into typings cache: 'arr-diff' => '/Users/karlhex/Library/Caches/typescript/4.1/node_modules/@types/arr-diff/index.d.ts'
[17:10:11.342] Adding entry into typings cache: 'arr-union' => '/Users/karlhex/Library/Caches/typescript/4.1/node_modules/@types/arr-union/index.d.ts'
[17:10:11.346] Adding entry into typings cache: 'array-find-index' => '/Users/karlhex/Library/Caches/typescript/4.1/node_modules/@types/array-find-index/index.d.ts'
[17:10:11.356] Adding entry into typings cache: 'array-unique' => '/Users/karlhex/Library/Caches/typescript/4.1/node_modules/@types/array-unique/index.d.ts'
[17:10:11.361] Adding entry into typings cache: 'asap' => '/Users/karlhex/Library/Caches/typescript/4.1/node_modules/@types/asap/index.d.ts'
[17:10:11.365] Adding entry into typings cache: 'assert' => '/Users/karlhex/Library/Caches/typescript/4.1/node_modules/@types/assert/index.d.ts'
[17:10:11.374] Adding entry into typings cache: 'async' => '/Users/karlhex/Library/Caches/typescript/4.1/node_modules/@types/async/index.d.ts'
[17:10:11.382] Adding entry into typings cache: 'async-retry' => '/Users/karlhex/Library/Caches/typescript/4.1/node_modules/@types/async-retry/index.d.ts'
[17:10:11.392] Adding entry into typings cache: 'atob' => '/Users/karlhex/Library/Caches/typescript/4.1/node_modules/@types/atob/index.d.ts'
[17:10:11.395] Adding entry into typings cache: 'babel-code-frame' => '/Users/karlhex/Library/Caches/typescript/4.1/node_modules/@types/babel-code-frame/index.d.ts'
[17:10:11.402] Adding entry into typings cache: 'babel-core' => '/Users/karlhex/Library/Caches/typescript/4.1/node_modules/@types/babel-core/index.d.ts'
[17:10:11.407] Adding entry into typings cache: 'babel-generator' => '/Users/karlhex/Library/Caches/typescript/4.1/node_modules/@types/babel-generator/index.d.ts'
[17:10:11.411] Adding entry into typings cache: 'babel-plugin-syntax-jsx' => '/Users/karlhex/Library/Caches/typescript/4.1/node_modules/@types/babel-plugin-syntax-jsx/index.d.ts'
[17:10:11.421] Adding entry into typings cache: 'babel-template' => '/Users/karlhex/Library/Caches/typescript/4.1/node_modules/@types/babel-template/index.d.ts'
[17:10:11.424] Adding entry into typings cache: 'babel-traverse' => '/Users/karlhex/Library/Caches/typescript/4.1/node_modules/@types/babel-traverse/index.d.ts'
[17:10:11.428] Adding entry into typings cache: 'babel-types' => '/Users/karlhex/Library/Caches/typescript/4.1/node_modules/@types/babel-types/index.d.ts'
[17:10:11.433] Adding entry into typings cache: 'babel__preset-env' => '/Users/karlhex/Library/Caches/typescript/4.1/node_modules/@types/babel__preset-env/index.d.ts'
[17:10:11.437] Adding entry into typings cache: 'babylon' => '/Users/karlhex/Library/Caches/typescript/4.1/node_modules/@types/babylon/index.d.ts'
[17:10:11.447] Adding entry into typings cache: 'backo2' => '/Users/karlhex/Library/Caches/typescript/4.1/node_modules/@types/backo2/index.d.ts'
[17:10:11.453] Adding entry into typings cache: 'balanced-match' => '/Users/karlhex/Library/Caches/typescript/4.1/node_modules/@types/balanced-match/index.d.ts'
[17:10:11.464] Adding entry into typings cache: 'big.js' => '/Users/karlhex/Library/Caches/typescript/4.1/node_modules/@types/big.js/index.d.ts'
[17:10:11.477] Adding entry into typings cache: 'bindings' => '/Users/karlhex/Library/Caches/typescript/4.1/node_modules/@types/bindings/index.d.ts'
[17:10:11.482] Adding entry into typings cache: 'bluebird' => '/Users/karlhex/Library/Caches/typescript/4.1/node_modules/@types/bluebird/index.d.ts'
[17:10:11.488] Adding entry into typings cache: 'bn.js' => '/Users/karlhex/Library/Caches/typescript/4.1/node_modules/@types/bn.js/index.d.ts'
[17:10:11.494] Adding entry into typings cache: 'body-parser' => '/Users/karlhex/Library/Caches/typescript/4.1/node_modules/@types/body-parser/index.d.ts'
[17:10:11.499] Adding entry into typings cache: 'bonjour' => '/Users/karlhex/Library/Caches/typescript/4.1/node_modules/@types/bonjour/index.d.ts'
[17:10:11.502] Adding entry into typings cache: 'boolbase' => '/Users/karlhex/Library/Caches/typescript/4.1/node_modules/@types/boolbase/index.d.ts'
[17:10:11.507] Adding entry into typings cache: 'bootstrap' => '/Users/karlhex/Library/Caches/typescript/4.1/node_modules/@types/bootstrap/index.d.ts'
[17:10:11.511] Adding entry into typings cache: 'brace-expansion' => '/Users/karlhex/Library/Caches/typescript/4.1/node_modules/@types/brace-expansion/index.d.ts'
[17:10:11.519] Adding entry into typings cache: 'braces' => '/Users/karlhex/Library/Caches/typescript/4.1/node_modules/@types/braces/index.d.ts'
[17:10:11.522] Adding entry into typings cache: 'brorand' => '/Users/karlhex/Library/Caches/typescript/4.1/node_modules/@types/brorand/index.d.ts'
[17:10:11.530] Adding entry into typings cache: 'browser-sync' => '/Users/karlhex/Library/Caches/typescript/4.1/node_modules/@types/browser-sync/index.d.ts'
[17:10:11.534] Adding entry into typings cache: 'browser-sync-webpack-plugin' => '/Users/karlhex/Library/Caches/typescript/4.1/node_modules/@types/browser-sync-webpack-plugin/index.d.ts'
[17:10:11.540] Adding entry into typings cache: 'buffer-from' => '/Users/karlhex/Library/Caches/typescript/4.1/node_modules/@types/buffer-from/index.d.ts'
[17:10:11.543] Adding entry into typings cache: 'buffer-xor' => '/Users/karlhex/Library/Caches/typescript/4.1/node_modules/@types/buffer-xor/index.d.ts'
[17:10:11.551] Adding entry into typings cache: 'byline' => '/Users/karlhex/Library/Caches/typescript/4.1/node_modules/@types/byline/index.d.ts'
[17:10:11.559] Adding entry into typings cache: 'bytes' => '/Users/karlhex/Library/Caches/typescript/4.1/node_modules/@types/bytes/index.d.ts'
[17:10:11.566] Adding entry into typings cache: 'cacache' => '/Users/karlhex/Library/Caches/typescript/4.1/node_modules/@types/cacache/index.d.ts'
[17:10:11.604] Adding entry into typings cache: 'cacheable-request' => '/Users/karlhex/Library/Caches/typescript/4.1/node_modules/@types/cacheable-request/index.d.ts'
[17:10:11.632] Adding entry into typings cache: 'call-bind' => '/Users/karlhex/Library/Caches/typescript/4.1/node_modules/@types/call-bind/index.d.ts'
[17:10:11.639] Adding entry into typings cache: 'caniuse-api' => '/Users/karlhex/Library/Caches/typescript/4.1/node_modules/@types/caniuse-api/index.d.ts'
[17:10:11.643] Adding entry into typings cache: 'caniuse-lite' => '/Users/karlhex/Library/Caches/typescript/4.1/node_modules/@types/caniuse-lite/index.d.ts'
[17:10:11.647] Adding entry into typings cache: 'center-align' => '/Users/karlhex/Library/Caches/typescript/4.1/node_modules/@types/center-align/index.d.ts'
[17:10:11.659] Adding entry into typings cache: 'chart.js' => '/Users/karlhex/Library/Caches/typescript/4.1/node_modules/@types/chart.js/index.d.ts'
[17:10:11.663] Adding entry into typings cache: 'check-types' => '/Users/karlhex/Library/Caches/typescript/4.1/node_modules/@types/check-types/index.d.ts'
[17:10:11.668] Adding entry into typings cache: 'chownr' => '/Users/karlhex/Library/Caches/typescript/4.1/node_modules/@types/chownr/index.d.ts'
[17:10:11.672] Adding entry into typings cache: 'cipher-base' => '/Users/karlhex/Library/Caches/typescript/4.1/node_modules/@types/cipher-base/index.d.ts'
[17:10:11.679] Adding entry into typings cache: 'clean-css' => '/Users/karlhex/Library/Caches/typescript/4.1/node_modules/@types/clean-css/index.d.ts'
[17:10:11.685] Adding entry into typings cache: 'cli-progress' => '/Users/karlhex/Library/Caches/typescript/4.1/node_modules/@types/cli-progress/index.d.ts'
[17:10:11.694] Adding entry into typings cache: 'cli-spinners' => '/Users/karlhex/Library/Caches/typescript/4.1/node_modules/@types/cli-spinners/index.d.ts'
[17:10:11.697] Adding entry into typings cache: 'clone' => '/Users/karlhex/Library/Caches/typescript/4.1/node_modules/@types/clone/index.d.ts'
[17:10:11.709] Adding entry into typings cache: 'co' => '/Users/karlhex/Library/Caches/typescript/4.1/node_modules/@types/co/index.d.ts'
[17:10:11.718] Adding entry into typings cache: 'codemirror' => '/Users/karlhex/Library/Caches/typescript/4.1/node_modules/@types/codemirror/index.d.ts'
[17:10:11.720] Adding entry into typings cache: 'color' => '/Users/karlhex/Library/Caches/typescript/4.1/node_modules/@types/color/index.d.ts'
[17:10:11.727] Adding entry into typings cache: 'color-convert' => '/Users/karlhex/Library/Caches/typescript/4.1/node_modules/@types/color-convert/index.d.ts'
[17:10:11.734] Adding entry into typings cache: 'color-name' => '/Users/karlhex/Library/Caches/typescript/4.1/node_modules/@types/color-name/index.d.ts'
[17:10:11.736] Adding entry into typings cache: 'color-string' => '/Users/karlhex/Library/Caches/typescript/4.1/node_modules/@types/color-string/index.d.ts'
[17:10:11.741] Adding entry into typings cache: 'common-tags' => '/Users/karlhex/Library/Caches/typescript/4.1/node_modules/@types/common-tags/index.d.ts'
[17:10:11.743] Adding entry into typings cache: 'commondir' => '/Users/karlhex/Library/Caches/typescript/4.1/node_modules/@types/commondir/index.d.ts'
[17:10:11.749] Adding entry into typings cache: 'component-emitter' => '/Users/karlhex/Library/Caches/typescript/4.1/node_modules/@types/component-emitter/index.d.ts'
[17:10:11.752] Adding entry into typings cache: 'compressible' => '/Users/karlhex/Library/Caches/typescript/4.1/node_modules/@types/compressible/index.d.ts'
[17:10:11.759] Adding entry into typings cache: 'compression' => '/Users/karlhex/Library/Caches/typescript/4.1/node_modules/@types/compression/index.d.ts'
[17:10:11.766] Adding entry into typings cache: 'compression-webpack-plugin' => '/Users/karlhex/Library/Caches/typescript/4.1/node_modules/@types/compression-webpack-plugin/index.d.ts'
[17:10:11.774] Adding entry into typings cache: 'concat-map' => '/Users/karlhex/Library/Caches/typescript/4.1/node_modules/@types/concat-map/index.d.ts'
[17:10:11.776] Adding entry into typings cache: 'concat-stream' => '/Users/karlhex/Library/Caches/typescript/4.1/node_modules/@types/concat-stream/index.d.ts'
[17:10:11.783] Adding entry into typings cache: 'connect' => '/Users/karlhex/Library/Caches/typescript/4.1/node_modules/@types/connect/index.d.ts'
[17:10:11.789] Adding entry into typings cache: 'connect-history-api-fallback' => '/Users/karlhex/Library/Caches/typescript/4.1/node_modules/@types/connect-history-api-fallback/index.d.ts'
[17:10:11.792] Adding entry into typings cache: 'consolidate' => '/Users/karlhex/Library/Caches/typescript/4.1/node_modules/@types/consolidate/index.d.ts'
[17:10:11.797] Adding entry into typings cache: 'content-disposition' => '/Users/karlhex/Library/Caches/typescript/4.1/node_modules/@types/content-disposition/index.d.ts'
[17:10:11.800] Adding entry into typings cache: 'content-type' => '/Users/karlhex/Library/Caches/typescript/4.1/node_modules/@types/content-type/index.d.ts'
[17:10:11.805] Adding entry into typings cache: 'convert-source-map' => '/Users/karlhex/Library/Caches/typescript/4.1/node_modules/@types/convert-source-map/index.d.ts'
[17:10:11.809] Adding entry into typings cache: 'cookie' => '/Users/karlhex/Library/Caches/typescript/4.1/node_modules/@types/cookie/index.d.ts'
[17:10:11.813] Adding entry into typings cache: 'cookie-signature' => '/Users/karlhex/Library/Caches/typescript/4.1/node_modules/@types/cookie-signature/index.d.ts'
[17:10:11.816] Adding entry into typings cache: 'copy-webpack-plugin' => '/Users/karlhex/Library/Caches/typescript/4.1/node_modules/@types/copy-webpack-plugin/index.d.ts'
[17:10:11.822] Adding entry into typings cache: 'core-js' => '/Users/karlhex/Library/Caches/typescript/4.1/node_modules/@types/core-js/index.d.ts'
[17:10:11.861] Adding entry into typings cache: 'cors' => '/Users/karlhex/Library/Caches/typescript/4.1/node_modules/@types/cors/index.d.ts'
[17:10:11.873] Adding entry into typings cache: 'create-hash' => '/Users/karlhex/Library/Caches/typescript/4.1/node_modules/@types/create-hash/index.d.ts'
[17:10:11.934] Adding entry into typings cache: 'create-hmac' => '/Users/karlhex/Library/Caches/typescript/4.1/node_modules/@types/create-hmac/index.d.ts'
[17:10:11.957] Adding entry into typings cache: 'cross-spawn' => '/Users/karlhex/Library/Caches/typescript/4.1/node_modules/@types/cross-spawn/index.d.ts'
[17:10:11.961] Adding entry into typings cache: 'css-declaration-sorter' => '/Users/karlhex/Library/Caches/typescript/4.1/node_modules/@types/css-declaration-sorter/index.d.ts'
[17:10:11.968] Adding entry into typings cache: 'css-selector-tokenizer' => '/Users/karlhex/Library/Caches/typescript/4.1/node_modules/@types/css-selector-tokenizer/index.d.ts'
[17:10:11.990] Adding entry into typings cache: 'css-tree' => '/Users/karlhex/Library/Caches/typescript/4.1/node_modules/@types/css-tree/index.d.ts'
[17:10:11.997] Adding entry into typings cache: 'cssesc' => '/Users/karlhex/Library/Caches/typescript/4.1/node_modules/@types/cssesc/index.d.ts'
[17:10:12.007] Adding entry into typings cache: 'cssnano' => '/Users/karlhex/Library/Caches/typescript/4.1/node_modules/@types/cssnano/index.d.ts'
[17:10:12.014] Adding entry into typings cache: 'csso' => '/Users/karlhex/Library/Caches/typescript/4.1/node_modules/@types/csso/index.d.ts'
[17:10:12.023] Adding entry into typings cache: 'cuint' => '/Users/karlhex/Library/Caches/typescript/4.1/node_modules/@types/cuint/index.d.ts'
[17:10:12.029] Adding entry into typings cache: 'd' => '/Users/karlhex/Library/Caches/typescript/4.1/node_modules/@types/d/index.d.ts'
[17:10:12.036] Adding entry into typings cache: 'd3' => '/Users/karlhex/Library/Caches/typescript/4.1/node_modules/@types/d3/index.d.ts'
[17:10:12.062] Adding entry into typings cache: 'debug' => '/Users/karlhex/Library/Caches/typescript/4.1/node_modules/@types/debug/index.d.ts'
[17:10:12.069] Adding entry into typings cache: 'decode-uri-component' => '/Users/karlhex/Library/Caches/typescript/4.1/node_modules/@types/decode-uri-component/index.d.ts'
[17:10:12.072] Adding entry into typings cache: 'deep-equal' => '/Users/karlhex/Library/Caches/typescript/4.1/node_modules/@types/deep-equal/index.d.ts'
[17:10:12.080] Adding entry into typings cache: 'deep-extend' => '/Users/karlhex/Library/Caches/typescript/4.1/node_modules/@types/deep-extend/index.d.ts'
[17:10:12.178] Adding entry into typings cache: 'define-properties' => '/Users/karlhex/Library/Caches/typescript/4.1/node_modules/@types/define-properties/index.d.ts'
[17:10:12.181] Adding entry into typings cache: 'defined' => '/Users/karlhex/Library/Caches/typescript/4.1/node_modules/@types/defined/index.d.ts'
[17:10:12.197] Adding entry into typings cache: 'depd' => '/Users/karlhex/Library/Caches/typescript/4.1/node_modules/@types/depd/index.d.ts'
[17:10:12.206] Adding entry into typings cache: 'destroy' => '/Users/karlhex/Library/Caches/typescript/4.1/node_modules/@types/destroy/index.d.ts'
[17:10:12.220] Adding entry into typings cache: 'detect-node' => '/Users/karlhex/Library/Caches/typescript/4.1/node_modules/@types/detect-node/index.d.ts'
[17:10:12.224] Adding entry into typings cache: 'detective' => '/Users/karlhex/Library/Caches/typescript/4.1/node_modules/@types/detective/index.d.ts'
[17:10:12.226] Adding entry into typings cache: 'diff' => '/Users/karlhex/Library/Caches/typescript/4.1/node_modules/@types/diff/index.d.ts'
[17:10:12.230] Adding entry into typings cache: 'diffie-hellman' => '/Users/karlhex/Library/Caches/typescript/4.1/node_modules/@types/diffie-hellman/index.d.ts'
[17:10:12.232] Adding entry into typings cache: 'dir-glob' => '/Users/karlhex/Library/Caches/typescript/4.1/node_modules/@types/dir-glob/index.d.ts'
[17:10:12.236] Adding entry into typings cache: 'domhandler' => '/Users/karlhex/Library/Caches/typescript/4.1/node_modules/@types/domhandler/index.d.ts'
[17:10:12.240] Adding entry into typings cache: 'domutils' => '/Users/karlhex/Library/Caches/typescript/4.1/node_modules/@types/domutils/index.d.ts'
[17:10:12.244] Adding entry into typings cache: 'dropzone' => '/Users/karlhex/Library/Caches/typescript/4.1/node_modules/@types/dropzone/index.d.ts'
[17:10:12.246] Adding entry into typings cache: 'duplexer3' => '/Users/karlhex/Library/Caches/typescript/4.1/node_modules/@types/duplexer3/index.d.ts'
[17:10:12.248] Adding entry into typings cache: 'duplexify' => '/Users/karlhex/Library/Caches/typescript/4.1/node_modules/@types/duplexify/index.d.ts'
[17:10:12.257] Adding entry into typings cache: 'echarts' => '/Users/karlhex/Library/Caches/typescript/4.1/node_modules/@types/echarts/index.d.ts'
[17:10:12.263] Adding entry into typings cache: 'ee-first' => '/Users/karlhex/Library/Caches/typescript/4.1/node_modules/@types/ee-first/index.d.ts'
[17:10:12.265] Adding entry into typings cache: 'ejs' => '/Users/karlhex/Library/Caches/typescript/4.1/node_modules/@types/ejs/index.d.ts'
[17:10:12.268] Adding entry into typings cache: 'elliptic' => '/Users/karlhex/Library/Caches/typescript/4.1/node_modules/@types/elliptic/index.d.ts'
[17:10:12.272] Adding entry into typings cache: 'encodeurl' => '/Users/karlhex/Library/Caches/typescript/4.1/node_modules/@types/encodeurl/index.d.ts'
[17:10:12.274] Adding entry into typings cache: 'end-of-stream' => '/Users/karlhex/Library/Caches/typescript/4.1/node_modules/@types/end-of-stream/index.d.ts'
[17:10:12.277] Adding entry into typings cache: 'enhanced-resolve' => '/Users/karlhex/Library/Caches/typescript/4.1/node_modules/@types/enhanced-resolve/index.d.ts'
[17:10:12.280] Adding entry into typings cache: 'env-ci' => '/Users/karlhex/Library/Caches/typescript/4.1/node_modules/@types/env-ci/index.d.ts'
[17:10:12.283] Adding entry into typings cache: 'es-abstract' => '/Users/karlhex/Library/Caches/typescript/4.1/node_modules/@types/es-abstract/index.d.ts'
[17:10:12.285] Adding entry into typings cache: 'es-to-primitive' => '/Users/karlhex/Library/Caches/typescript/4.1/node_modules/@types/es-to-primitive/index.d.ts'
[17:10:12.287] Adding entry into typings cache: 'es6-weak-map' => '/Users/karlhex/Library/Caches/typescript/4.1/node_modules/@types/es6-weak-map/index.d.ts'
[17:10:12.289] Adding entry into typings cache: 'escape-html' => '/Users/karlhex/Library/Caches/typescript/4.1/node_modules/@types/escape-html/index.d.ts'
[17:10:12.293] Adding entry into typings cache: 'eslint' => '/Users/karlhex/Library/Caches/typescript/4.1/node_modules/@types/eslint/index.d.ts'
[17:10:12.295] Adding entry into typings cache: 'esprima' => '/Users/karlhex/Library/Caches/typescript/4.1/node_modules/@types/esprima/index.d.ts'
[17:10:12.298] Adding entry into typings cache: 'estraverse' => '/Users/karlhex/Library/Caches/typescript/4.1/node_modules/@types/estraverse/index.d.ts'
[17:10:12.300] Adding entry into typings cache: 'etag' => '/Users/karlhex/Library/Caches/typescript/4.1/node_modules/@types/etag/index.d.ts'
[17:10:12.302] Adding entry into typings cache: 'event-emitter' => '/Users/karlhex/Library/Caches/typescript/4.1/node_modules/@types/event-emitter/index.d.ts'
[17:10:12.306] Adding entry into typings cache: 'events' => '/Users/karlhex/Library/Caches/typescript/4.1/node_modules/@types/events/index.d.ts'
[17:10:12.308] Adding entry into typings cache: 'eventsource' => '/Users/karlhex/Library/Caches/typescript/4.1/node_modules/@types/eventsource/index.d.ts'
[17:10:12.312] Adding entry into typings cache: 'express' => '/Users/karlhex/Library/Caches/typescript/4.1/node_modules/@types/express/index.d.ts'
[17:10:12.318] Adding entry into typings cache: 'extract-files' => '/Users/karlhex/Library/Caches/typescript/4.1/node_modules/@types/extract-files/index.d.ts'
[17:10:12.321] Adding entry into typings cache: 'extract-text-webpack-plugin' => '/Users/karlhex/Library/Caches/typescript/4.1/node_modules/@types/extract-text-webpack-plugin/index.d.ts'
[17:10:12.324] Adding entry into typings cache: 'file-loader' => '/Users/karlhex/Library/Caches/typescript/4.1/node_modules/@types/file-loader/index.d.ts'
[17:10:12.348] Adding entry into typings cache: 'file-saver' => '/Users/karlhex/Library/Caches/typescript/4.1/node_modules/@types/file-saver/index.d.ts'
[17:10:12.350] Adding entry into typings cache: 'finalhandler' => '/Users/karlhex/Library/Caches/typescript/4.1/node_modules/@types/finalhandler/index.d.ts'
[17:10:12.354] Adding entry into typings cache: 'find-cache-dir' => '/Users/karlhex/Library/Caches/typescript/4.1/node_modules/@types/find-cache-dir/index.d.ts'
[17:10:12.357] Adding entry into typings cache: 'flush-write-stream' => '/Users/karlhex/Library/Caches/typescript/4.1/node_modules/@types/flush-write-stream/index.d.ts'
[17:10:12.367] Adding entry into typings cache: 'follow-redirects' => '/Users/karlhex/Library/Caches/typescript/4.1/node_modules/@types/follow-redirects/index.d.ts'
[17:10:12.370] Adding entry into typings cache: 'forwarded' => '/Users/karlhex/Library/Caches/typescript/4.1/node_modules/@types/forwarded/index.d.ts'
[17:10:12.373] Adding entry into typings cache: 'fresh' => '/Users/karlhex/Library/Caches/typescript/4.1/node_modules/@types/fresh/index.d.ts'
[17:10:12.375] Adding entry into typings cache: 'friendly-errors-webpack-plugin' => '/Users/karlhex/Library/Caches/typescript/4.1/node_modules/@types/friendly-errors-webpack-plugin/index.d.ts'
[17:10:12.377] Adding entry into typings cache: 'from2' => '/Users/karlhex/Library/Caches/typescript/4.1/node_modules/@types/from2/index.d.ts'
[17:10:12.379] Adding entry into typings cache: 'fs-capacitor' => '/Users/karlhex/Library/Caches/typescript/4.1/node_modules/@types/fs-capacitor/index.d.ts'
[17:10:12.382] Adding entry into typings cache: 'fs-extra' => '/Users/karlhex/Library/Caches/typescript/4.1/node_modules/@types/fs-extra/index.d.ts'
[17:10:12.388] Adding entry into typings cache: 'fullcalendar__vue' => '/Users/karlhex/Library/Caches/typescript/4.1/node_modules/@types/fullcalendar__vue/index.d.ts'
[17:10:12.391] Adding entry into typings cache: 'function-bind' => '/Users/karlhex/Library/Caches/typescript/4.1/node_modules/@types/function-bind/index.d.ts'
[17:10:12.396] Adding entry into typings cache: 'gaze' => '/Users/karlhex/Library/Caches/typescript/4.1/node_modules/@types/gaze/index.d.ts'
[17:10:12.399] Adding entry into typings cache: 'get-caller-file' => '/Users/karlhex/Library/Caches/typescript/4.1/node_modules/@types/get-caller-file/index.d.ts'
[17:10:12.400] Adding entry into typings cache: 'get-intrinsic' => '/Users/karlhex/Library/Caches/typescript/4.1/node_modules/@types/get-intrinsic/index.d.ts'
[17:10:12.405] Adding entry into typings cache: 'get-value' => '/Users/karlhex/Library/Caches/typescript/4.1/node_modules/@types/get-value/index.d.ts'
[17:10:12.407] Adding entry into typings cache: 'git-parse' => '/Users/karlhex/Library/Caches/typescript/4.1/node_modules/@types/git-parse/index.d.ts'
[17:10:12.412] Adding entry into typings cache: 'git-rev-sync' => '/Users/karlhex/Library/Caches/typescript/4.1/node_modules/@types/git-rev-sync/index.d.ts'
[17:10:12.414] Adding entry into typings cache: 'glob' => '/Users/karlhex/Library/Caches/typescript/4.1/node_modules/@types/glob/index.d.ts'
[17:10:12.422] Adding entry into typings cache: 'glob-parent' => '/Users/karlhex/Library/Caches/typescript/4.1/node_modules/@types/glob-parent/index.d.ts'
[17:10:12.424] Adding entry into typings cache: 'global-agent' => '/Users/karlhex/Library/Caches/typescript/4.1/node_modules/@types/global-agent/index.d.ts'
[17:10:12.430] Adding entry into typings cache: 'globalthis' => '/Users/karlhex/Library/Caches/typescript/4.1/node_modules/@types/globalthis/index.d.ts'
[17:10:12.432] Adding entry into typings cache: 'globule' => '/Users/karlhex/Library/Caches/typescript/4.1/node_modules/@types/globule/index.d.ts'
[17:10:12.436] Adding entry into typings cache: 'google-maps' => '/Users/karlhex/Library/Caches/typescript/4.1/node_modules/@types/google-maps/index.d.ts'
[17:10:12.439] Adding entry into typings cache: 'graceful-fs' => '/Users/karlhex/Library/Caches/typescript/4.1/node_modules/@types/graceful-fs/index.d.ts'
[17:10:12.441] Adding entry into typings cache: 'has' => '/Users/karlhex/Library/Caches/typescript/4.1/node_modules/@types/has/index.d.ts'
[17:10:12.446] Adding entry into typings cache: 'has-ansi' => '/Users/karlhex/Library/Caches/typescript/4.1/node_modules/@types/has-ansi/index.d.ts'
[17:10:12.448] Adding entry into typings cache: 'has-symbols' => '/Users/karlhex/Library/Caches/typescript/4.1/node_modules/@types/has-symbols/index.d.ts'
[17:10:12.452] Adding entry into typings cache: 'hash-sum' => '/Users/karlhex/Library/Caches/typescript/4.1/node_modules/@types/hash-sum/index.d.ts'
[17:10:12.454] Adding entry into typings cache: 'he' => '/Users/karlhex/Library/Caches/typescript/4.1/node_modules/@types/he/index.d.ts'
[17:10:12.457] Adding entry into typings cache: 'hex-color-regex' => '/Users/karlhex/Library/Caches/typescript/4.1/node_modules/@types/hex-color-regex/index.d.ts'
[17:10:12.496] Adding entry into typings cache: 'hoist-non-react-statics' => '/Users/karlhex/Library/Caches/typescript/4.1/node_modules/@types/hoist-non-react-statics/index.d.ts'
[17:10:12.497] Adding entry into typings cache: 'hosted-git-info' => '/Users/karlhex/Library/Caches/typescript/4.1/node_modules/@types/hosted-git-info/index.d.ts'
[17:10:12.500] Adding entry into typings cache: 'html-minifier' => '/Users/karlhex/Library/Caches/typescript/4.1/node_modules/@types/html-minifier/index.d.ts'
[17:10:12.502] Adding entry into typings cache: 'html-webpack-plugin' => '/Users/karlhex/Library/Caches/typescript/4.1/node_modules/@types/html-webpack-plugin/index.d.ts'
[17:10:12.505] Adding entry into typings cache: 'htmlparser2' => '/Users/karlhex/Library/Caches/typescript/4.1/node_modules/@types/htmlparser2/index.d.ts'
[17:10:12.508] Adding entry into typings cache: 'http-cache-semantics' => '/Users/karlhex/Library/Caches/typescript/4.1/node_modules/@types/http-cache-semantics/index.d.ts'
[17:10:12.511] Adding entry into typings cache: 'http-errors' => '/Users/karlhex/Library/Caches/typescript/4.1/node_modules/@types/http-errors/index.d.ts'
[17:10:12.527] Adding entry into typings cache: 'http-proxy' => '/Users/karlhex/Library/Caches/typescript/4.1/node_modules/@types/http-proxy/index.d.ts'
[17:10:12.533] Adding entry into typings cache: 'http-proxy-middleware' => '/Users/karlhex/Library/Caches/typescript/4.1/node_modules/http-proxy-middleware/dist/index.d.ts'
[17:10:12.535] Adding entry into typings cache: 'i18n' => '/Users/karlhex/Library/Caches/typescript/4.1/node_modules/@types/i18n/index.d.ts'
[17:10:12.544] Adding entry into typings cache: 'icss-utils' => '/Users/karlhex/Library/Caches/typescript/4.1/node_modules/@types/icss-utils/index.d.ts'
[17:10:12.546] Adding entry into typings cache: 'iferr' => '/Users/karlhex/Library/Caches/typescript/4.1/node_modules/@types/iferr/index.d.ts'
[17:10:12.550] Adding entry into typings cache: 'imurmurhash' => '/Users/karlhex/Library/Caches/typescript/4.1/node_modules/@types/imurmurhash/index.d.ts'
[17:10:12.553] Adding entry into typings cache: 'inflected' => '/Users/karlhex/Library/Caches/typescript/4.1/node_modules/@types/inflected/index.d.ts'
[17:10:12.567] Adding entry into typings cache: 'inherits' => '/Users/karlhex/Library/Caches/typescript/4.1/node_modules/@types/inherits/index.d.ts'
[17:10:12.569] Adding entry into typings cache: 'interpret' => '/Users/karlhex/Library/Caches/typescript/4.1/node_modules/@types/interpret/index.d.ts'
[17:10:12.593] Adding entry into typings cache: 'invariant' => '/Users/karlhex/Library/Caches/typescript/4.1/node_modules/@types/invariant/index.d.ts'
[17:10:12.613] Adding entry into typings cache: 'ip' => '/Users/karlhex/Library/Caches/typescript/4.1/node_modules/@types/ip/index.d.ts'
[17:10:12.619] Adding entry into typings cache: 'is-arguments' => '/Users/karlhex/Library/Caches/typescript/4.1/node_modules/@types/is-arguments/index.d.ts'
[17:10:12.648] Adding entry into typings cache: 'is-buffer' => '/Users/karlhex/Library/Caches/typescript/4.1/node_modules/@types/is-buffer/index.d.ts'
[17:10:12.650] Adding entry into typings cache: 'is-callable' => '/Users/karlhex/Library/Caches/typescript/4.1/node_modules/@types/is-callable/index.d.ts'
[17:10:12.654] Adding entry into typings cache: 'is-core-module' => '/Users/karlhex/Library/Caches/typescript/4.1/node_modules/@types/is-core-module/index.d.ts'
[17:10:12.657] Adding entry into typings cache: 'is-date-object' => '/Users/karlhex/Library/Caches/typescript/4.1/node_modules/@types/is-date-object/index.d.ts'
[17:10:12.659] Adding entry into typings cache: 'is-finite' => '/Users/karlhex/Library/Caches/typescript/4.1/node_modules/@types/is-finite/index.d.ts'
[17:10:12.667] Adding entry into typings cache: 'is-glob' => '/Users/karlhex/Library/Caches/typescript/4.1/node_modules/@types/is-glob/index.d.ts'
[17:10:12.671] Adding entry into typings cache: 'is-number' => '/Users/karlhex/Library/Caches/typescript/4.1/node_modules/@types/is-number/index.d.ts'
[17:10:12.673] Adding entry into typings cache: 'is-regex' => '/Users/karlhex/Library/Caches/typescript/4.1/node_modules/@types/is-regex/index.d.ts'
[17:10:12.683] Adding entry into typings cache: 'is-ssh' => '/Users/karlhex/Library/Caches/typescript/4.1/node_modules/@types/is-ssh/index.d.ts'
[17:10:12.685] Adding entry into typings cache: 'is-utf8' => '/Users/karlhex/Library/Caches/typescript/4.1/node_modules/@types/is-utf8/index.d.ts'
[17:10:12.688] Adding entry into typings cache: 'is-windows' => '/Users/karlhex/Library/Caches/typescript/4.1/node_modules/@types/is-windows/index.d.ts'
[17:10:12.694] Adding entry into typings cache: 'isarray' => '/Users/karlhex/Library/Caches/typescript/4.1/node_modules/@types/isarray/index.d.ts'
[17:10:12.696] Adding entry into typings cache: 'isexe' => '/Users/karlhex/Library/Caches/typescript/4.1/node_modules/@types/isexe/index.d.ts'
[17:10:12.704] Adding entry into typings cache: 'jquery' => '/Users/karlhex/Library/Caches/typescript/4.1/node_modules/@types/jquery/index.d.ts'
[17:10:12.706] Adding entry into typings cache: 'js-base64' => '/Users/karlhex/Library/Caches/typescript/4.1/node_modules/@types/js-base64/index.d.ts'
[17:10:12.716] Adding entry into typings cache: 'js-cookie' => '/Users/karlhex/Library/Caches/typescript/4.1/node_modules/@types/js-cookie/index.d.ts'
[17:10:12.718] Adding entry into typings cache: 'js-yaml' => '/Users/karlhex/Library/Caches/typescript/4.1/node_modules/@types/js-yaml/index.d.ts'
[17:10:12.723] Adding entry into typings cache: 'jsesc' => '/Users/karlhex/Library/Caches/typescript/4.1/node_modules/@types/jsesc/index.d.ts'
[17:10:12.725] Adding entry into typings cache: 'json-buffer' => '/Users/karlhex/Library/Caches/typescript/4.1/node_modules/@types/json-buffer/index.d.ts'
[17:10:12.734] Adding entry into typings cache: 'json-parse-better-errors' => '/Users/karlhex/Library/Caches/typescript/4.1/node_modules/@types/json-parse-better-errors/index.d.ts'
[17:10:12.735] Adding entry into typings cache: 'json3' => '/Users/karlhex/Library/Caches/typescript/4.1/node_modules/@types/json3/index.d.ts'
[17:10:12.756] Adding entry into typings cache: 'keyv' => '/Users/karlhex/Library/Caches/typescript/4.1/node_modules/@types/keyv/index.d.ts'
[17:10:12.760] Adding entry into typings cache: 'kind-of' => '/Users/karlhex/Library/Caches/typescript/4.1/node_modules/@types/kind-of/index.d.ts'
[17:10:12.765] Adding entry into typings cache: 'listr' => '/Users/karlhex/Library/Caches/typescript/4.1/node_modules/@types/listr/index.d.ts'
[17:10:12.766] Adding entry into typings cache: 'loader-runner' => '/Users/karlhex/Library/Caches/typescript/4.1/node_modules/@types/loader-runner/index.d.ts'
[17:10:12.769] Adding entry into typings cache: 'loader-utils' => '/Users/karlhex/Library/Caches/typescript/4.1/node_modules/@types/loader-utils/index.d.ts'
[17:10:12.778] Adding entry into typings cache: 'lodash' => '/Users/karlhex/Library/Caches/typescript/4.1/node_modules/@types/lodash/index.d.ts'
[17:10:12.784] Adding entry into typings cache: 'lodash.camelcase' => '/Users/karlhex/Library/Caches/typescript/4.1/node_modules/@types/lodash.camelcase/index.d.ts'
[17:10:12.790] Adding entry into typings cache: 'lodash.clonedeep' => '/Users/karlhex/Library/Caches/typescript/4.1/node_modules/@types/lodash.clonedeep/index.d.ts'
[17:10:12.792] Adding entry into typings cache: 'lodash.flatten' => '/Users/karlhex/Library/Caches/typescript/4.1/node_modules/@types/lodash.flatten/index.d.ts'
[17:10:12.794] Adding entry into typings cache: 'lodash.get' => '/Users/karlhex/Library/Caches/typescript/4.1/node_modules/@types/lodash.get/index.d.ts'
[17:10:12.796] Adding entry into typings cache: 'lodash.identity' => '/Users/karlhex/Library/Caches/typescript/4.1/node_modules/@types/lodash.identity/index.d.ts'
[17:10:12.799] Adding entry into typings cache: 'lodash.memoize' => '/Users/karlhex/Library/Caches/typescript/4.1/node_modules/@types/lodash.memoize/index.d.ts'
[17:10:12.803] Adding entry into typings cache: 'lodash.merge' => '/Users/karlhex/Library/Caches/typescript/4.1/node_modules/@types/lodash.merge/index.d.ts'
[17:10:12.804] Adding entry into typings cache: 'lodash.pickby' => '/Users/karlhex/Library/Caches/typescript/4.1/node_modules/@types/lodash.pickby/index.d.ts'
[17:10:12.806] Adding entry into typings cache: 'lodash.template' => '/Users/karlhex/Library/Caches/typescript/4.1/node_modules/@types/lodash.template/index.d.ts'
[17:10:12.808] Adding entry into typings cache: 'lodash.truncate' => '/Users/karlhex/Library/Caches/typescript/4.1/node_modules/@types/lodash.truncate/index.d.ts'
[17:10:12.811] Adding entry into typings cache: 'lodash.uniq' => '/Users/karlhex/Library/Caches/typescript/4.1/node_modules/@types/lodash.uniq/index.d.ts'
[17:10:12.813] Adding entry into typings cache: 'lodash.xorby' => '/Users/karlhex/Library/Caches/typescript/4.1/node_modules/@types/lodash.xorby/index.d.ts'
[17:10:12.814] Adding entry into typings cache: 'long' => '/Users/karlhex/Library/Caches/typescript/4.1/node_modules/@types/long/index.d.ts'
[17:10:12.817] Adding entry into typings cache: 'lru-cache' => '/Users/karlhex/Library/Caches/typescript/4.1/node_modules/@types/lru-cache/index.d.ts'
[17:10:12.820] Adding entry into typings cache: 'math-expression-evaluator' => '/Users/karlhex/Library/Caches/typescript/4.1/node_modules/@types/math-expression-evaluator/index.d.ts'
[17:10:12.822] Adding entry into typings cache: 'md5' => '/Users/karlhex/Library/Caches/typescript/4.1/node_modules/@types/md5/index.d.ts'
[17:10:12.826] Adding entry into typings cache: 'media-typer' => '/Users/karlhex/Library/Caches/typescript/4.1/node_modules/@types/media-typer/index.d.ts'
[17:10:12.829] Adding entry into typings cache: 'memory-fs' => '/Users/karlhex/Library/Caches/typescript/4.1/node_modules/@types/memory-fs/index.d.ts'
[17:10:12.833] Adding entry into typings cache: 'meow' => '/Users/karlhex/Library/Caches/typescript/4.1/node_modules/@types/meow/index.d.ts'
[17:10:12.839] Adding entry into typings cache: 'merge-descriptors' => '/Users/karlhex/Library/Caches/typescript/4.1/node_modules/@types/merge-descriptors/index.d.ts'
[17:10:12.841] Adding entry into typings cache: 'methods' => '/Users/karlhex/Library/Caches/typescript/4.1/node_modules/@types/methods/index.d.ts'
[17:10:12.853] Adding entry into typings cache: 'micromatch' => '/Users/karlhex/Library/Caches/typescript/4.1/node_modules/@types/micromatch/index.d.ts'
[17:10:12.855] Adding entry into typings cache: 'mime' => '/Users/karlhex/Library/Caches/typescript/4.1/node_modules/@types/mime/index.d.ts'
[17:10:12.858] Adding entry into typings cache: 'mime-db' => '/Users/karlhex/Library/Caches/typescript/4.1/node_modules/@types/mime-db/index.d.ts'
[17:10:12.861] Adding entry into typings cache: 'mime-types' => '/Users/karlhex/Library/Caches/typescript/4.1/node_modules/@types/mime-types/index.d.ts'
[17:10:12.863] Adding entry into typings cache: 'minimalistic-assert' => '/Users/karlhex/Library/Caches/typescript/4.1/node_modules/@types/minimalistic-assert/index.d.ts'
[17:10:12.867] Adding entry into typings cache: 'minimatch' => '/Users/karlhex/Library/Caches/typescript/4.1/node_modules/@types/minimatch/index.d.ts'
[17:10:12.868] Adding entry into typings cache: 'minimist' => '/Users/karlhex/Library/Caches/typescript/4.1/node_modules/@types/minimist/index.d.ts'
[17:10:12.870] Adding entry into typings cache: 'mkdirp' => '/Users/karlhex/Library/Caches/typescript/4.1/node_modules/@types/mkdirp/index.d.ts'
[17:10:12.873] Adding entry into typings cache: 'mockjs' => '/Users/karlhex/Library/Caches/typescript/4.1/node_modules/@types/mockjs/index.d.ts'
[17:10:12.875] Adding entry into typings cache: 'move-concurrently' => '/Users/karlhex/Library/Caches/typescript/4.1/node_modules/@types/move-concurrently/index.d.ts'
[17:10:12.881] Adding entry into typings cache: 'ms' => '/Users/karlhex/Library/Caches/typescript/4.1/node_modules/@types/ms/index.d.ts'
[17:10:12.891] Adding entry into typings cache: 'negotiator' => '/Users/karlhex/Library/Caches/typescript/4.1/node_modules/@types/negotiator/index.d.ts'
[17:10:12.902] Adding entry into typings cache: 'next-tick' => '/Users/karlhex/Library/Caches/typescript/4.1/node_modules/@types/next-tick/index.d.ts'
[17:10:12.908] Adding entry into typings cache: 'node-fetch' => '/Users/karlhex/Library/Caches/typescript/4.1/node_modules/@types/node-fetch/index.d.ts'
[17:10:12.911] Adding entry into typings cache: 'node-forge' => '/Users/karlhex/Library/Caches/typescript/4.1/node_modules/@types/node-forge/index.d.ts'
[17:10:12.916] Adding entry into typings cache: 'node-notifier' => '/Users/karlhex/Library/Caches/typescript/4.1/node_modules/@types/node-notifier/index.d.ts'
[17:10:12.919] Adding entry into typings cache: 'node-sass' => '/Users/karlhex/Library/Caches/typescript/4.1/node_modules/@types/node-sass/index.d.ts'
[17:10:12.923] Adding entry into typings cache: 'normalize-package-data' => '/Users/karlhex/Library/Caches/typescript/4.1/node_modules/@types/normalize-package-data/index.d.ts'
[17:10:12.927] Adding entry into typings cache: 'normalize-path' => '/Users/karlhex/Library/Caches/typescript/4.1/node_modules/@types/normalize-path/index.d.ts'
[17:10:12.931] Adding entry into typings cache: 'nouislider' => '/Users/karlhex/Library/Caches/typescript/4.1/node_modules/@types/nouislider/index.d.ts'
[17:10:12.933] Adding entry into typings cache: 'nprogress' => '/Users/karlhex/Library/Caches/typescript/4.1/node_modules/@types/nprogress/index.d.ts'
[17:10:12.935] Adding entry into typings cache: 'num2fraction' => '/Users/karlhex/Library/Caches/typescript/4.1/node_modules/@types/num2fraction/index.d.ts'
[17:10:12.937] Adding entry into typings cache: 'number-is-nan' => '/Users/karlhex/Library/Caches/typescript/4.1/node_modules/@types/number-is-nan/index.d.ts'
[17:10:12.942] Adding entry into typings cache: 'object-assign' => '/Users/karlhex/Library/Caches/typescript/4.1/node_modules/@types/object-assign/index.d.ts'
[17:10:12.947] Adding entry into typings cache: 'object-hash' => '/Users/karlhex/Library/Caches/typescript/4.1/node_modules/@types/object-hash/index.d.ts'
[17:10:12.949] Adding entry into typings cache: 'object-inspect' => '/Users/karlhex/Library/Caches/typescript/4.1/node_modules/@types/object-inspect/index.d.ts'
[17:10:12.951] Adding entry into typings cache: 'object-keys' => '/Users/karlhex/Library/Caches/typescript/4.1/node_modules/@types/object-keys/index.d.ts'
[17:10:12.955] Adding entry into typings cache: 'object-path' => '/Users/karlhex/Library/Caches/typescript/4.1/node_modules/@types/object-path/index.d.ts'
[17:10:12.958] Adding entry into typings cache: 'object.getownpropertydescriptors' => '/Users/karlhex/Library/Caches/typescript/4.1/node_modules/@types/object.getownpropertydescriptors/index.d.ts'
[17:10:12.963] Adding entry into typings cache: 'object.pick' => '/Users/karlhex/Library/Caches/typescript/4.1/node_modules/@types/object.pick/index.d.ts'
[17:10:12.965] Adding entry into typings cache: 'on-finished' => '/Users/karlhex/Library/Caches/typescript/4.1/node_modules/@types/on-finished/index.d.ts'
[17:10:12.966] Adding entry into typings cache: 'on-headers' => '/Users/karlhex/Library/Caches/typescript/4.1/node_modules/@types/on-headers/index.d.ts'
[17:10:12.975] Adding entry into typings cache: 'once' => '/Users/karlhex/Library/Caches/typescript/4.1/node_modules/@types/once/index.d.ts'
[17:10:12.978] Adding entry into typings cache: 'opener' => '/Users/karlhex/Library/Caches/typescript/4.1/node_modules/@types/opener/index.d.ts'
[17:10:12.982] Adding entry into typings cache: 'optimize-css-assets-webpack-plugin' => '/Users/karlhex/Library/Caches/typescript/4.1/node_modules/@types/optimize-css-assets-webpack-plugin/index.d.ts'
[17:10:12.989] Adding entry into typings cache: 'original' => '/Users/karlhex/Library/Caches/typescript/4.1/node_modules/@types/original/index.d.ts'
[17:10:12.992] Adding entry into typings cache: 'os-homedir' => '/Users/karlhex/Library/Caches/typescript/4.1/node_modules/@types/os-homedir/index.d.ts'
[17:10:12.999] Adding entry into typings cache: 'os-tmpdir' => '/Users/karlhex/Library/Caches/typescript/4.1/node_modules/@types/os-tmpdir/index.d.ts'
[17:10:13.017] Adding entry into typings cache: 'pako' => '/Users/karlhex/Library/Caches/typescript/4.1/node_modules/@types/pako/index.d.ts'
[17:10:13.019] Adding entry into typings cache: 'parallel-transform' => '/Users/karlhex/Library/Caches/typescript/4.1/node_modules/@types/parallel-transform/index.d.ts'
[17:10:13.034] Adding entry into typings cache: 'parse-json' => '/Users/karlhex/Library/Caches/typescript/4.1/node_modules/@types/parse-json/index.d.ts'
[17:10:13.036] Adding entry into typings cache: 'parse-path' => '/Users/karlhex/Library/Caches/typescript/4.1/node_modules/@types/parse-path/index.d.ts'
[17:10:13.038] Adding entry into typings cache: 'parseurl' => '/Users/karlhex/Library/Caches/typescript/4.1/node_modules/@types/parseurl/index.d.ts'
[17:10:13.059] Adding entry into typings cache: 'pascalcase' => '/Users/karlhex/Library/Caches/typescript/4.1/node_modules/@types/pascalcase/index.d.ts'
[17:10:13.066] Adding entry into typings cache: 'path-is-absolute' => '/Users/karlhex/Library/Caches/typescript/4.1/node_modules/@types/path-is-absolute/index.d.ts'
[17:10:13.069] Adding entry into typings cache: 'path-is-inside' => '/Users/karlhex/Library/Caches/typescript/4.1/node_modules/@types/path-is-inside/index.d.ts'
[17:10:13.071] Adding entry into typings cache: 'path-parse' => '/Users/karlhex/Library/Caches/typescript/4.1/node_modules/@types/path-parse/index.d.ts'
[17:10:13.072] Adding entry into typings cache: 'pbkdf2' => '/Users/karlhex/Library/Caches/typescript/4.1/node_modules/@types/pbkdf2/index.d.ts'
[17:10:13.077] Adding entry into typings cache: 'picomatch' => '/Users/karlhex/Library/Caches/typescript/4.1/node_modules/@types/picomatch/index.d.ts'
[17:10:13.079] Adding entry into typings cache: 'pify' => '/Users/karlhex/Library/Caches/typescript/4.1/node_modules/@types/pify/index.d.ts'
[17:10:13.084] Adding entry into typings cache: 'pikaday' => '/Users/karlhex/Library/Caches/typescript/4.1/node_modules/@types/pikaday/index.d.ts'
[17:10:13.090] Adding entry into typings cache: 'postcss-calc' => '/Users/karlhex/Library/Caches/typescript/4.1/node_modules/@types/postcss-calc/index.d.ts'
[17:10:13.092] Adding entry into typings cache: 'postcss-import' => '/Users/karlhex/Library/Caches/typescript/4.1/node_modules/@types/postcss-import/index.d.ts'
[17:10:13.096] Adding entry into typings cache: 'postcss-load-config' => '/Users/karlhex/Library/Caches/typescript/4.1/node_modules/@types/postcss-load-config/index.d.ts'
[17:10:13.098] Adding entry into typings cache: 'postcss-modules-extract-imports' => '/Users/karlhex/Library/Caches/typescript/4.1/node_modules/@types/postcss-modules-extract-imports/index.d.ts'
[17:10:13.101] Adding entry into typings cache: 'postcss-modules-local-by-default' => '/Users/karlhex/Library/Caches/typescript/4.1/node_modules/@types/postcss-modules-local-by-default/index.d.ts'
[17:10:13.103] Adding entry into typings cache: 'postcss-modules-scope' => '/Users/karlhex/Library/Caches/typescript/4.1/node_modules/@types/postcss-modules-scope/index.d.ts'
[17:10:13.105] Adding entry into typings cache: 'postcss-modules-values' => '/Users/karlhex/Library/Caches/typescript/4.1/node_modules/@types/postcss-modules-values/index.d.ts'
[17:10:13.108] Adding entry into typings cache: 'postcss-url' => '/Users/karlhex/Library/Caches/typescript/4.1/node_modules/@types/postcss-url/index.d.ts'
[17:10:13.110] Adding entry into typings cache: 'prettier' => '/Users/karlhex/Library/Caches/typescript/4.1/node_modules/@types/prettier/index.d.ts'
[17:10:13.111] Adding entry into typings cache: 'promise-inflight' => '/Users/karlhex/Library/Caches/typescript/4.1/node_modules/@types/promise-inflight/index.d.ts'
[17:10:13.117] Adding entry into typings cache: 'prop-types' => '/Users/karlhex/Library/Caches/typescript/4.1/node_modules/@types/prop-types/index.d.ts'
[17:10:13.119] Adding entry into typings cache: 'protocols' => '/Users/karlhex/Library/Caches/typescript/4.1/node_modules/@types/protocols/index.d.ts'
[17:10:13.121] Adding entry into typings cache: 'proxy-addr' => '/Users/karlhex/Library/Caches/typescript/4.1/node_modules/@types/proxy-addr/index.d.ts'
[17:10:13.123] Adding entry into typings cache: 'pump' => '/Users/karlhex/Library/Caches/typescript/4.1/node_modules/@types/pump/index.d.ts'
[17:10:13.124] Adding entry into typings cache: 'pumpify' => '/Users/karlhex/Library/Caches/typescript/4.1/node_modules/@types/pumpify/index.d.ts'
[17:10:13.127] Adding entry into typings cache: 'punycode' => '/Users/karlhex/Library/Caches/typescript/4.1/node_modules/@types/punycode/index.d.ts'
[17:10:13.128] Adding entry into typings cache: 'q' => '/Users/karlhex/Library/Caches/typescript/4.1/node_modules/@types/q/index.d.ts'
[17:10:13.130] Adding entry into typings cache: 'qs' => '/Users/karlhex/Library/Caches/typescript/4.1/node_modules/@types/qs/index.d.ts'
[17:10:13.132] Adding entry into typings cache: 'querystringify' => '/Users/karlhex/Library/Caches/typescript/4.1/node_modules/@types/querystringify/index.d.ts'
[17:10:13.134] Adding entry into typings cache: 'quill' => '/Users/karlhex/Library/Caches/typescript/4.1/node_modules/@types/quill/index.d.ts'
[17:10:13.136] Adding entry into typings cache: 'randombytes' => '/Users/karlhex/Library/Caches/typescript/4.1/node_modules/@types/randombytes/index.d.ts'
[17:10:13.138] Adding entry into typings cache: 'range-parser' => '/Users/karlhex/Library/Caches/typescript/4.1/node_modules/@types/range-parser/index.d.ts'
[17:10:13.140] Adding entry into typings cache: 'raphael' => '/Users/karlhex/Library/Caches/typescript/4.1/node_modules/@types/raphael/index.d.ts'
[17:10:13.148] Adding entry into typings cache: 'rc' => '/Users/karlhex/Library/Caches/typescript/4.1/node_modules/@types/rc/index.d.ts'
[17:10:13.156] Adding entry into typings cache: 'readable-stream' => '/Users/karlhex/Library/Caches/typescript/4.1/node_modules/@types/readable-stream/index.d.ts'
[17:10:13.158] Adding entry into typings cache: 'rechoir' => '/Users/karlhex/Library/Caches/typescript/4.1/node_modules/@types/rechoir/index.d.ts'
[17:10:13.160] Adding entry into typings cache: 'regenerator-runtime' => '/Users/karlhex/Library/Caches/typescript/4.1/node_modules/@types/regenerator-runtime/index.d.ts'
[17:10:13.162] Adding entry into typings cache: 'registry-auth-token' => '/Users/karlhex/Library/Caches/typescript/4.1/node_modules/@types/registry-auth-token/index.d.ts'
[17:10:13.165] Adding entry into typings cache: 'relateurl' => '/Users/karlhex/Library/Caches/typescript/4.1/node_modules/@types/relateurl/index.d.ts'
[17:10:13.168] Adding entry into typings cache: 'relay-compiler' => '/Users/karlhex/Library/Caches/typescript/4.1/node_modules/@types/relay-compiler/index.d.ts'
[17:10:13.175] Adding entry into typings cache: 'repeat-element' => '/Users/karlhex/Library/Caches/typescript/4.1/node_modules/@types/repeat-element/index.d.ts'
[17:10:13.181] Adding entry into typings cache: 'repeat-string' => '/Users/karlhex/Library/Caches/typescript/4.1/node_modules/@types/repeat-string/index.d.ts'
[17:10:13.188] Adding entry into typings cache: 'repeating' => '/Users/karlhex/Library/Caches/typescript/4.1/node_modules/@types/repeating/index.d.ts'
[17:10:13.192] Adding entry into typings cache: 'request' => '/Users/karlhex/Library/Caches/typescript/4.1/node_modules/@types/request/index.d.ts'
[17:10:13.194] Adding entry into typings cache: 'require-directory' => '/Users/karlhex/Library/Caches/typescript/4.1/node_modules/@types/require-directory/index.d.ts'
[17:10:13.196] Adding entry into typings cache: 'require-from-string' => '/Users/karlhex/Library/Caches/typescript/4.1/node_modules/@types/require-from-string/index.d.ts'
[17:10:13.201] Adding entry into typings cache: 'requires-port' => '/Users/karlhex/Library/Caches/typescript/4.1/node_modules/@types/requires-port/index.d.ts'
[17:10:13.204] Adding entry into typings cache: 'resolve' => '/Users/karlhex/Library/Caches/typescript/4.1/node_modules/@types/resolve/index.d.ts'
[17:10:13.206] Adding entry into typings cache: 'responselike' => '/Users/karlhex/Library/Caches/typescript/4.1/node_modules/@types/responselike/index.d.ts'
[17:10:13.212] Adding entry into typings cache: 'right-align' => '/Users/karlhex/Library/Caches/typescript/4.1/node_modules/@types/right-align/index.d.ts'
[17:10:13.214] Adding entry into typings cache: 'rimraf' => '/Users/karlhex/Library/Caches/typescript/4.1/node_modules/@types/rimraf/index.d.ts'
[17:10:13.215] Adding entry into typings cache: 'ripemd160' => '/Users/karlhex/Library/Caches/typescript/4.1/node_modules/@types/ripemd160/index.d.ts'
[17:10:13.217] Adding entry into typings cache: 'roarr' => '/Users/karlhex/Library/Caches/typescript/4.1/node_modules/@types/roarr/index.d.ts'
[17:10:13.219] Adding entry into typings cache: 'run-parallel' => '/Users/karlhex/Library/Caches/typescript/4.1/node_modules/@types/run-parallel/index.d.ts'
[17:10:13.223] Adding entry into typings cache: 'safe-regex' => '/Users/karlhex/Library/Caches/typescript/4.1/node_modules/@types/safe-regex/index.d.ts'
[17:10:13.226] Adding entry into typings cache: 'safer-buffer' => '/Users/karlhex/Library/Caches/typescript/4.1/node_modules/@types/safer-buffer/index.d.ts'
[17:10:13.228] Adding entry into typings cache: 'sass' => '/Users/karlhex/Library/Caches/typescript/4.1/node_modules/@types/sass/index.d.ts'
[17:10:13.231] Adding entry into typings cache: 'sass-loader' => '/Users/karlhex/Library/Caches/typescript/4.1/node_modules/@types/sass-loader/index.d.ts'
[17:10:13.233] Adding entry into typings cache: 'sax' => '/Users/karlhex/Library/Caches/typescript/4.1/node_modules/@types/sax/index.d.ts'
[17:10:13.237] Adding entry into typings cache: 'script-ext-html-webpack-plugin' => '/Users/karlhex/Library/Caches/typescript/4.1/node_modules/@types/script-ext-html-webpack-plugin/index.d.ts'
[17:10:13.239] Adding entry into typings cache: 'semver' => '/Users/karlhex/Library/Caches/typescript/4.1/node_modules/@types/semver/index.d.ts'
[17:10:13.240] Adding entry into typings cache: 'send' => '/Users/karlhex/Library/Caches/typescript/4.1/node_modules/@types/send/index.d.ts'
[17:10:13.243] Adding entry into typings cache: 'serialize-javascript' => '/Users/karlhex/Library/Caches/typescript/4.1/node_modules/@types/serialize-javascript/index.d.ts'
[17:10:13.245] Adding entry into typings cache: 'serve-index' => '/Users/karlhex/Library/Caches/typescript/4.1/node_modules/@types/serve-index/index.d.ts'
[17:10:13.246] Adding entry into typings cache: 'serve-static' => '/Users/karlhex/Library/Caches/typescript/4.1/node_modules/@types/serve-static/index.d.ts'
[17:10:13.254] Adding entry into typings cache: 'set-value' => '/Users/karlhex/Library/Caches/typescript/4.1/node_modules/@types/set-value/index.d.ts'
[17:10:13.256] Adding entry into typings cache: 'setimmediate' => '/Users/karlhex/Library/Caches/typescript/4.1/node_modules/@types/setimmediate/index.d.ts'
[17:10:13.258] Adding entry into typings cache: 'sha.js' => '/Users/karlhex/Library/Caches/typescript/4.1/node_modules/@types/sha.js/index.d.ts'
[17:10:13.266] Adding entry into typings cache: 'shebang-command' => '/Users/karlhex/Library/Caches/typescript/4.1/node_modules/@types/shebang-command/index.d.ts'
[17:10:13.271] Adding entry into typings cache: 'shelljs' => '/Users/karlhex/Library/Caches/typescript/4.1/node_modules/@types/shelljs/index.d.ts'
[17:10:13.273] Adding entry into typings cache: 'signal-exit' => '/Users/karlhex/Library/Caches/typescript/4.1/node_modules/@types/signal-exit/index.d.ts'
[17:10:13.276] Adding entry into typings cache: 'sockjs' => '/Users/karlhex/Library/Caches/typescript/4.1/node_modules/@types/sockjs/index.d.ts'
[17:10:13.279] Adding entry into typings cache: 'sockjs-client' => '/Users/karlhex/Library/Caches/typescript/4.1/node_modules/@types/sockjs-client/index.d.ts'
[17:10:13.282] Adding entry into typings cache: 'sortablejs' => '/Users/karlhex/Library/Caches/typescript/4.1/node_modules/@types/sortablejs/index.d.ts'
[17:10:13.284] Adding entry into typings cache: 'source-list-map' => '/Users/karlhex/Library/Caches/typescript/4.1/node_modules/@types/source-list-map/index.d.ts'
[17:10:13.286] Adding entry into typings cache: 'source-map-support' => '/Users/karlhex/Library/Caches/typescript/4.1/node_modules/@types/source-map-support/index.d.ts'
[17:10:13.289] Adding entry into typings cache: 'spdx-correct' => '/Users/karlhex/Library/Caches/typescript/4.1/node_modules/@types/spdx-correct/index.d.ts'
[17:10:13.292] Adding entry into typings cache: 'spdx-expression-parse' => '/Users/karlhex/Library/Caches/typescript/4.1/node_modules/@types/spdx-expression-parse/index.d.ts'
[17:10:13.294] Adding entry into typings cache: 'spdy' => '/Users/karlhex/Library/Caches/typescript/4.1/node_modules/@types/spdy/index.d.ts'
[17:10:13.297] Adding entry into typings cache: 'sprintf' => '/Users/karlhex/Library/Caches/typescript/4.1/node_modules/@types/sprintf/index.d.ts'
[17:10:13.299] Adding entry into typings cache: 'sprintf-js' => '/Users/karlhex/Library/Caches/typescript/4.1/node_modules/@types/sprintf-js/index.d.ts'
[17:10:13.301] Adding entry into typings cache: 'ssri' => '/Users/karlhex/Library/Caches/typescript/4.1/node_modules/@types/ssri/index.d.ts'
[17:10:13.304] Adding entry into typings cache: 'statuses' => '/Users/karlhex/Library/Caches/typescript/4.1/node_modules/@types/statuses/index.d.ts'
[17:10:13.305] Adding entry into typings cache: 'stream-each' => '/Users/karlhex/Library/Caches/typescript/4.1/node_modules/@types/stream-each/index.d.ts'
[17:10:13.308] Adding entry into typings cache: 'stream-shift' => '/Users/karlhex/Library/Caches/typescript/4.1/node_modules/@types/stream-shift/index.d.ts'
[17:10:13.311] Adding entry into typings cache: 'strict-uri-encode' => '/Users/karlhex/Library/Caches/typescript/4.1/node_modules/@types/strict-uri-encode/index.d.ts'
[17:10:13.316] Adding entry into typings cache: 'supports-color' => '/Users/karlhex/Library/Caches/typescript/4.1/node_modules/@types/supports-color/index.d.ts'
[17:10:13.317] Adding entry into typings cache: 'svg-sprite-loader' => '/Users/karlhex/Library/Caches/typescript/4.1/node_modules/@types/svg-sprite-loader/index.d.ts'
[17:10:13.320] Adding entry into typings cache: 'svgo' => '/Users/karlhex/Library/Caches/typescript/4.1/node_modules/@types/svgo/index.d.ts'
[17:10:13.322] Adding entry into typings cache: 'tail' => '/Users/karlhex/Library/Caches/typescript/4.1/node_modules/@types/tail/index.d.ts'
[17:10:13.326] Adding entry into typings cache: 'tailwindcss' => '/Users/karlhex/Library/Caches/typescript/4.1/node_modules/@types/tailwindcss/index.d.ts'
[17:10:13.328] Adding entry into typings cache: 'tapable' => '/Users/karlhex/Library/Caches/typescript/4.1/node_modules/@types/tapable/index.d.ts'
[17:10:13.334] Adding entry into typings cache: 'throttle-debounce' => '/Users/karlhex/Library/Caches/typescript/4.1/node_modules/@types/throttle-debounce/index.d.ts'
[17:10:13.336] Adding entry into typings cache: 'through2' => '/Users/karlhex/Library/Caches/typescript/4.1/node_modules/@types/through2/index.d.ts'
[17:10:13.338] Adding entry into typings cache: 'timsort' => '/Users/karlhex/Library/Caches/typescript/4.1/node_modules/@types/timsort/index.d.ts'
[17:10:13.340] Adding entry into typings cache: 'toposort' => '/Users/karlhex/Library/Caches/typescript/4.1/node_modules/@types/toposort/index.d.ts'
[17:10:13.342] Adding entry into typings cache: 'tryer' => '/Users/karlhex/Library/Caches/typescript/4.1/node_modules/@types/tryer/index.d.ts'
[17:10:13.346] Adding entry into typings cache: 'type-is' => '/Users/karlhex/Library/Caches/typescript/4.1/node_modules/@types/type-is/index.d.ts'
[17:10:13.349] Adding entry into typings cache: 'ua-parser-js' => '/Users/karlhex/Library/Caches/typescript/4.1/node_modules/@types/ua-parser-js/index.d.ts'
[17:10:13.356] Adding entry into typings cache: 'uglify-es' => '/Users/karlhex/Library/Caches/typescript/4.1/node_modules/@types/uglify-es/index.d.ts'
[17:10:13.388] Adding entry into typings cache: 'uglify-js' => '/Users/karlhex/Library/Caches/typescript/4.1/node_modules/@types/uglify-js/index.d.ts'
[17:10:13.390] Adding entry into typings cache: 'uglifyjs-webpack-plugin' => '/Users/karlhex/Library/Caches/typescript/4.1/node_modules/@types/uglifyjs-webpack-plugin/index.d.ts'
[17:10:13.398] Adding entry into typings cache: 'uniq' => '/Users/karlhex/Library/Caches/typescript/4.1/node_modules/@types/uniq/index.d.ts'
[17:10:13.449] Adding entry into typings cache: 'urix' => '/Users/karlhex/Library/Caches/typescript/4.1/node_modules/@types/urix/index.d.ts'
[17:10:13.451] Adding entry into typings cache: 'url-parse' => '/Users/karlhex/Library/Caches/typescript/4.1/node_modules/@types/url-parse/index.d.ts'
[17:10:13.459] Adding entry into typings cache: 'util-deprecate' => '/Users/karlhex/Library/Caches/typescript/4.1/node_modules/@types/util-deprecate/index.d.ts'
[17:10:13.461] Adding entry into typings cache: 'util.promisify' => '/Users/karlhex/Library/Caches/typescript/4.1/node_modules/@types/util.promisify/index.d.ts'
[17:10:13.463] Adding entry into typings cache: 'utils-merge' => '/Users/karlhex/Library/Caches/typescript/4.1/node_modules/@types/utils-merge/index.d.ts'
[17:10:13.466] Adding entry into typings cache: 'uuid' => '/Users/karlhex/Library/Caches/typescript/4.1/node_modules/@types/uuid/index.d.ts'
[17:10:13.472] Adding entry into typings cache: 'validate-npm-package-license' => '/Users/karlhex/Library/Caches/typescript/4.1/node_modules/@types/validate-npm-package-license/index.d.ts'
[17:10:13.473] Adding entry into typings cache: 'vary' => '/Users/karlhex/Library/Caches/typescript/4.1/node_modules/@types/vary/index.d.ts'
[17:10:13.494] Adding entry into typings cache: 'vue-splitpane' => '/Users/karlhex/Library/Caches/typescript/4.1/node_modules/@types/vue-splitpane/index.d.ts'
[17:10:13.496] Adding entry into typings cache: 'watchpack' => '/Users/karlhex/Library/Caches/typescript/4.1/node_modules/@types/watchpack/index.d.ts'
[17:10:13.509] Adding entry into typings cache: 'webpack' => '/Users/karlhex/Library/Caches/typescript/4.1/node_modules/@types/webpack/index.d.ts'
[17:10:13.511] Adding entry into typings cache: 'webpack-bundle-analyzer' => '/Users/karlhex/Library/Caches/typescript/4.1/node_modules/@types/webpack-bundle-analyzer/index.d.ts'
[17:10:13.513] Adding entry into typings cache: 'webpack-dev-middleware' => '/Users/karlhex/Library/Caches/typescript/4.1/node_modules/@types/webpack-dev-middleware/index.d.ts'
[17:10:13.520] Adding entry into typings cache: 'webpack-dev-server' => '/Users/karlhex/Library/Caches/typescript/4.1/node_modules/@types/webpack-dev-server/index.d.ts'
[17:10:13.524] Adding entry into typings cache: 'webpack-merge' => '/Users/karlhex/Library/Caches/typescript/4.1/node_modules/@types/webpack-merge/index.d.ts'
[17:10:13.526] Adding entry into typings cache: 'webpack-sources' => '/Users/karlhex/Library/Caches/typescript/4.1/node_modules/@types/webpack-sources/index.d.ts'
[17:10:13.529] Adding entry into typings cache: 'which' => '/Users/karlhex/Library/Caches/typescript/4.1/node_modules/@types/which/index.d.ts'
[17:10:13.538] Adding entry into typings cache: 'window-size' => '/Users/karlhex/Library/Caches/typescript/4.1/node_modules/@types/window-size/index.d.ts'
[17:10:13.540] Adding entry into typings cache: 'wordwrap' => '/Users/karlhex/Library/Caches/typescript/4.1/node_modules/@types/wordwrap/index.d.ts'
[17:10:13.571] Adding entry into typings cache: 'wrap-ansi' => '/Users/karlhex/Library/Caches/typescript/4.1/node_modules/@types/wrap-ansi/index.d.ts'
[17:10:13.596] Adding entry into typings cache: 'ws' => '/Users/karlhex/Library/Caches/typescript/4.1/node_modules/@types/ws/index.d.ts'
[17:10:13.598] Adding entry into typings cache: 'xtend' => '/Users/karlhex/Library/Caches/typescript/4.1/node_modules/@types/xtend/index.d.ts'
[17:10:13.604] Adding entry into typings cache: 'xxhashjs' => '/Users/karlhex/Library/Caches/typescript/4.1/node_modules/@types/xxhashjs/index.d.ts'
[17:10:13.605] Adding entry into typings cache: 'y18n' => '/Users/karlhex/Library/Caches/typescript/4.1/node_modules/@types/y18n/index.d.ts'
[17:10:13.609] Adding entry into typings cache: 'yallist' => '/Users/karlhex/Library/Caches/typescript/4.1/node_modules/@types/yallist/index.d.ts'
[17:10:13.611] Adding entry into typings cache: 'yargs' => '/Users/karlhex/Library/Caches/typescript/4.1/node_modules/@types/yargs/index.d.ts'
[17:10:13.613] Adding entry into typings cache: 'yargs-parser' => '/Users/karlhex/Library/Caches/typescript/4.1/node_modules/@types/yargs-parser/index.d.ts'
[17:10:13.613] Finished processing cache location '/Users/karlhex/Library/Caches/typescript/4.1'
[17:10:13.613] Process id: 39416
[17:10:13.613] NPM location: /usr/local/bin/npm (explicit '--npmLocation' not  provided)
[17:10:13.614] validateDefaultNpmLocation: false
[17:10:13.614] Npm config file: /Users/karlhex/Library/Caches/typescript/4.1/package.json
[17:10:13.614] Updating types-registry npm package...
[17:10:13.614] Exec: /usr/local/bin/npm install --ignore-scripts types-registry@latest
[17:10:25.677]     Succeeded. stdout:
    + types-registry@0.1.564
    updated 1 package and audited 726 packages in 9.919s

8 packages are looking for funding
  run `npm fund` for details

found 9 vulnerabilities (1 moderate, 8 high)
  run `npm audit fix` to fix them, or `npm audit` for details

[17:10:25.678] Updated types-registry npm package
[17:10:25.722] Got install request {"projectName":"/dev/null/inferredProject1*","fileNames":["/usr/local/lib/node_modules/typescript/lib/lib.es5.d.ts","/usr/local/lib/node_modules/typescript/lib/lib.es2015.d.ts","/usr/local/lib/node_modules/typescript/lib/lib.es2016.d.ts","/usr/local/lib/node_modules/typescript/lib/lib.dom.d.ts","/usr/local/lib/node_modules/typescript/lib/lib.dom.iterable.d.ts","/usr/local/lib/node_modules/typescript/lib/lib.webworker.importscripts.d.ts","/usr/local/lib/node_modules/typescript/lib/lib.scripthost.d.ts","/usr/local/lib/node_modules/typescript/lib/lib.es2015.core.d.ts","/usr/local/lib/node_modules/typescript/lib/lib.es2015.collection.d.ts","/usr/local/lib/node_modules/typescript/lib/lib.es2015.generator.d.ts","/usr/local/lib/node_modules/typescript/lib/lib.es2015.iterable.d.ts","/usr/local/lib/node_modules/typescript/lib/lib.es2015.promise.d.ts","/usr/local/lib/node_modules/typescript/lib/lib.es2015.proxy.d.ts","/usr/local/lib/node_modules/typescript/lib/lib.es2015.reflect.d.ts","/usr/local/lib/node_modules/typescript/lib/lib.es2015.symbol.d.ts","/usr/local/lib/node_modules/typescript/lib/lib.es2015.symbol.wellknown.d.ts","/usr/local/lib/node_modules/typescript/lib/lib.es2016.array.include.d.ts","/usr/local/lib/node_modules/typescript/lib/lib.es2016.full.d.ts","/Users/karlhex/WorkSpace/src/FlyingWings/FlyingERP/resources/js/router/index.js"],"compilerOptions":{"module":1,"target":3,"jsx":1,"allowJs":true,"allowSyntheticDefaultImports":true,"allowNonTsExtensions":true,"noEmitForJsFiles":true,"maxNodeModuleJsDepth":2},"typeAcquisition":{"enable":true,"include":[],"exclude":[]},"unresolvedImports":[],"projectRootPath":"/Users/karlhex/WorkSpace/src/FlyingWings/FlyingERP/resources/js/router","kind":"discover"}
[17:10:25.726] Loaded safelist from types map file '/usr/local/lib/node_modules/typescript/lib/typesmap.json'
[17:10:25.727] Explicitly included types: []
[17:10:25.728] Inferred typings from unresolved imports: []
[17:10:25.728] Result: {"cachedTypingPaths":[],"newTypingNames":[],"filesToWatch":["/Users/karlhex/WorkSpace/src/FlyingWings/FlyingERP/resources/js/router/bower_components","/Users/karlhex/WorkSpace/src/FlyingWings/FlyingERP/resources/js/router/node_modules"]}
[17:10:25.729] Finished typings discovery: {"cachedTypingPaths":[],"newTypingNames":[],"filesToWatch":["/Users/karlhex/WorkSpace/src/FlyingWings/FlyingERP/resources/js/router/bower_components","/Users/karlhex/WorkSpace/src/FlyingWings/FlyingERP/resources/js/router/node_modules"]}
[17:10:25.729] DirectoryWatcher:: Added:: WatchInfo: /Users/karlhex/WorkSpace/src/FlyingWings/FlyingERP/resources/js/router/bower_components
[17:10:25.731] DirectoryWatcher:: Added:: WatchInfo: /Users/karlhex/WorkSpace/src/FlyingWings/FlyingERP/resources/js/router/node_modules
[17:10:25.731] Sending response:
    {"projectName":"/dev/null/inferredProject1*","typeAcquisition":{"enable":true,"include":[],"exclude":[]},"compilerOptions":{"module":1,"target":3,"jsx":1,"allowJs":true,"allowSyntheticDefaultImports":true,"allowNonTsExtensions":true,"noEmitForJsFiles":true,"maxNodeModuleJsDepth":2},"typings":[],"unresolvedImports":[],"kind":"action::set"}
[17:10:25.732] Response has been sent.
[17:10:25.732] No new typings were requested as a result of typings discovery
